
 DATE: 13-JUN-2019 TIME: 09:49:42   PROGRAM: SESAM    PRESEL 7.5-01  13-MAY-2014                                        PAGE:     6 
                                                                                                                                    
                                    LOAD CASE COMBINATION                                                                           
                                    =====================                                                           SUB PAGE:     1 
                                                                                                                                    
 SUPER ELEMENT TYPE:      100  LEVEL:        4                                                                                      
                                                                                                                                    
         SUP.EL SUP.EL                                                                                                              
 LC      TYPE   INDEX  LEVEL   LLC    FACTOR    LLC    FACTOR    LLC    FACTOR                                                      
 ------  ------ ------ ------  ------ --------  ------ --------  ------ --------                                                    
      1      50      1      3       1    1.000                                  
      2      50      1      3       2    1.000                                  
      3      50      1      3       3    1.000                                  
      4      50      1      3       4    1.000                                  
      5      50      1      3       5    1.000                                  
      6      50      1      3       6    1.000                                  
      7      50      1      3       7    1.000                                  
      8      50      1      3       8    1.000                                  
      9      50      1      3       9    1.000                                  
     10      50      1      3      10    1.000                                  
     11      50      1      3      11    1.000                                  
     12      50      1      3      12    1.000                                  
     13      50      1      3      13    1.000                                  
     14      50      1      3      14    1.000                                  
     15      50      1      3      15    1.000                                  
     16      50      1      3      16    1.000                                  
     17      50      1      3      17    1.000                                  
     18      50      1      3      18    1.000                                  
     19      50      1      3      19    1.000                                  
     20      50      1      3      20    1.000                                  
     21      50      1      3      21    1.000                                  
     22      50      1      3      22    1.000                                  
     23      50      1      3      23    1.000                                  
     24      50      1      3      24    1.000                                  
     25      50      1      3      25    1.000                                  
     26      50      1      3      26    1.000                                  
     27      50      1      3      27    1.000                                  
     28      50      1      3       1    1.300       5    1.300       2    1.300
                                    7    1.000       4    1.500                 
     29      50      1      3       1    1.300       5    1.300       3    1.300
                                    7   -1.000       4    1.500                 
     30      50      1      3       1    1.300       5    1.300       2    1.300
                                    7    1.000       4    1.500       9    1.300
     31      50      1      3       1    1.300       5    1.300       3    1.300
                                    7   -1.000       4    1.500       8    1.300
     32      50      1      3       1    1.300       5    1.300       2    1.300
                                    6    1.300       4    1.500      12    1.358
                                   10    1.200                                  
     33      50      1      3       1    1.300       5    1.300       2    1.300
                                    6    1.300       4    1.500      13    1.783
                                   10    1.200                                  
     34      50      1      3       1    1.300       5    1.300       3    1.300
                                    6    1.300       4    1.500      12    1.358
                                   10    1.200                                  
     35      50      1      3       1    1.300       5    1.300       3    1.300
                                    6    1.300       4    1.500      13    1.783
                                   10    1.200                                  
     36      50      1      3       1    1.300       5    1.300       2    1.300
                                    6    0.920       7    0.920       4    1.500
                                   14    1.548      10    0.850      11    0.850

 DATE: 13-JUN-2019 TIME: 09:49:42   PROGRAM: SESAM    PRESEL 7.5-01  13-MAY-2014                                        PAGE:     7 
                                                                                                                                    
                                    LOAD CASE COMBINATION                                                                           
                                    =====================                                                           SUB PAGE:     2 
                                                                                                                                    
 SUPER ELEMENT TYPE:      100  LEVEL:        4                                                                                      
                                                                                                                                    
         SUP.EL SUP.EL                                                                                                              
 LC      TYPE   INDEX  LEVEL   LLC    FACTOR    LLC    FACTOR    LLC    FACTOR                                                      
 ------  ------ ------ ------  ------ --------  ------ --------  ------ --------                                                    
     37      50      1      3       1    1.300       5    1.300       2    1.300
                                    6    0.920       7    0.920       4    1.500
                                   15    2.225      10    0.850      11    0.850
     38      50      1      3       1    1.300       5    1.300       2    1.300
                                    7    1.300       4    1.500      16    1.909
                                   11    1.200                                  
     39      50      1      3       1    1.300       5    1.300       2    1.300
                                    7    1.300       4    1.500      17    9.248
                                   11    1.200                                  
     40      50      1      3       1    1.300       5    1.300       2    1.300
                                    6   -0.920       7    0.920       4    1.500
                                   18    1.835      10   -0.850      11    0.850
     41      50      1      3       1    1.300       5    1.300       2    1.300
                                    6   -0.920       7    0.920       4    1.500
                                   19    8.646      10   -0.850      11    0.850
     42      50      1      3       1    1.300       5    1.300       2    1.300
                                    6   -1.300       4    1.500      20    1.509
                                   10   -1.200                                  
     43      50      1      3       1    1.300       5    1.300       2    1.300
                                    6   -1.300       4    1.500      21    2.768
                                   10   -1.200                                  
     44      50      1      3       1    1.300       5    1.300       3    1.300
                                    6   -1.300       4    1.500      20    1.509
                                   10   -1.200                                  
     45      50      1      3       1    1.300       5    1.300       3    1.300
                                    6   -1.300       4    1.500      21    2.768
                                   10   -1.200                                  
     46      50      1      3       1    1.300       5    1.300       3    1.300
                                    6   -0.920       7   -0.920       4    1.500
                                   22    1.545      10   -0.850      11   -0.850
     47      50      1      3       1    1.300       5    1.300       3    1.300
                                    6   -0.920       7   -0.920       4    1.500
                                   23    3.100      10   -0.850      11   -0.850
     48      50      1      3       1    1.300       5    1.300       3    1.300
                                    7   -1.300       4    1.500      24    1.487
                                   11   -1.200                                  
     49      50      1      3       1    1.300       5    1.300       3    1.300
                                    7   -1.300       4    1.500      25    2.314
                                   11   -1.200                                  
     50      50      1      3       1    1.300       5    1.300       3    1.300
                                    6    0.920       7   -0.920       4    1.500
                                   26    1.369      10    0.850      11   -0.850
     51      50      1      3       1    1.300       5    1.300       3    1.300
                                    6    0.920       7   -0.920       4    1.500
                                   27    1.851      10    0.850      11   -0.850
     52      50      1      3       1    1.300       5    1.300       2    1.300
                                    6    1.300       4    1.500      12    1.358
                                   10    1.200       8    1.300                 
     53      50      1      3       1    1.300       5    1.300       2    1.300
                                    6    1.300       4    1.500      13    1.783

 DATE: 13-JUN-2019 TIME: 09:49:42   PROGRAM: SESAM    PRESEL 7.5-01  13-MAY-2014                                        PAGE:     8 
                                                                                                                                    
                                    LOAD CASE COMBINATION                                                                           
                                    =====================                                                           SUB PAGE:     3 
                                                                                                                                    
 SUPER ELEMENT TYPE:      100  LEVEL:        4                                                                                      
                                                                                                                                    
         SUP.EL SUP.EL                                                                                                              
 LC      TYPE   INDEX  LEVEL   LLC    FACTOR    LLC    FACTOR    LLC    FACTOR                                                      
 ------  ------ ------ ------  ------ --------  ------ --------  ------ --------                                                    
                                   10    1.200       8    1.300                 
     54      50      1      3       1    1.300       5    1.300       3    1.300
                                    6    1.300       4    1.500      12    1.358
                                   10    1.200       8    1.300                 
     55      50      1      3       1    1.300       5    1.300       3    1.300
                                    6    1.300       4    1.500      13    1.783
                                   10    1.200       8    1.300                 
     56      50      1      3       1    1.300       5    1.300       2    1.300
                                    6    0.920       7    0.920       4    1.500
                                   14    1.548      10    0.850      11    0.850
                                    8    1.300                                  
     57      50      1      3       1    1.300       5    1.300       2    1.300
                                    6    0.920       7    0.920       4    1.500
                                   15    2.225      10    0.850      11    0.850
                                    8    1.300                                  
     58      50      1      3       1    1.300       5    1.300       2    1.300
                                    7    1.300       4    1.500      16    1.909
                                   11    1.200       8    1.300                 
     59      50      1      3       1    1.300       5    1.300       2    1.300
                                    7    1.300       4    1.500      17    9.248
                                   11    1.200       8    1.300                 
     60      50      1      3       1    1.300       5    1.300       2    1.300
                                    6   -0.920       7    0.920       4    1.500
                                   18    1.835      10   -0.850      11    0.850
                                    8    1.300                                  
     61      50      1      3       1    1.300       5    1.300       2    1.300
                                    6   -0.920       7    0.920       4    1.500
                                   19    8.646      10   -0.850      11    0.850
                                    8    1.300                                  
     62      50      1      3       1    1.300       5    1.300       2    1.300
                                    6   -1.300       4    1.500      20    1.509
                                   10   -1.200       8    1.300                 
     63      50      1      3       1    1.300       5    1.300       2    1.300
                                    6   -1.300       4    1.500      21    2.768
                                   10   -1.200       8    1.300                 
     64      50      1      3       1    1.300       5    1.300       3    1.300
                                    6   -1.300       4    1.500      20    1.509
                                   10   -1.200       8    1.300                 
     65      50      1      3       1    1.300       5    1.300       3    1.300
                                    6   -1.300       4    1.500      21    2.768
                                   10   -1.200       8    1.300                 
     66      50      1      3       1    1.300       5    1.300       3    1.300
                                    6   -0.920       7   -0.920       4    1.500
                                   22    1.545      10   -0.850      11   -0.850
                                    8    1.300                                  
     67      50      1      3       1    1.300       5    1.300       3    1.300
                                    6   -0.920       7   -0.920       4    1.500
                                   23    3.100      10   -0.850      11   -0.850
                                    8    1.300                                  
     68      50      1      3       1    1.300       5    1.300       3    1.300

 DATE: 13-JUN-2019 TIME: 09:49:42   PROGRAM: SESAM    PRESEL 7.5-01  13-MAY-2014                                        PAGE:     9 
                                                                                                                                    
                                    LOAD CASE COMBINATION                                                                           
                                    =====================                                                           SUB PAGE:     4 
                                                                                                                                    
 SUPER ELEMENT TYPE:      100  LEVEL:        4                                                                                      
                                                                                                                                    
         SUP.EL SUP.EL                                                                                                              
 LC      TYPE   INDEX  LEVEL   LLC    FACTOR    LLC    FACTOR    LLC    FACTOR                                                      
 ------  ------ ------ ------  ------ --------  ------ --------  ------ --------                                                    
                                    7   -1.300       4    1.500      24    1.487
                                   11   -1.200       8    1.300                 
     69      50      1      3       1    1.300       5    1.300       3    1.300
                                    7   -1.300       4    1.500      25    2.314
                                   11   -1.200       8    1.300                 
     70      50      1      3       1    1.300       5    1.300       3    1.300
                                    6    0.920       7   -0.920       4    1.500
                                   26    1.369      10    0.850      11   -0.850
                                    8    1.300                                  
     71      50      1      3       1    1.300       5    1.300       3    1.300
                                    6    0.920       7   -0.920       4    1.500
                                   27    1.851      10    0.850      11   -0.850
                                    8    1.300                                  
     72      50      1      3       1    1.300       5    1.300       2    1.300
                                    6    1.300       4    1.500      12    1.358
                                   10    1.200       9    1.300                 
     73      50      1      3       1    1.300       5    1.300       2    1.300
                                    6    1.300       4    1.500      13    1.783
                                   10    1.200       9    1.300                 
     74      50      1      3       1    1.300       5    1.300       3    1.300
                                    6    1.300       4    1.500      12    1.358
                                   10    1.200       9    1.300                 
     75      50      1      3       1    1.300       5    1.300       3    1.300
                                    6    1.300       4    1.500      13    1.783
                                   10    1.200       9    1.300                 
     76      50      1      3       1    1.300       5    1.300       2    1.300
                                    6    0.920       7    0.920       4    1.500
                                   14    1.548      10    0.850      11    0.850
                                    9    1.300                                  
     77      50      1      3       1    1.300       5    1.300       2    1.300
                                    6    0.920       7    0.920       4    1.500
                                   15    2.225      10    0.850      11    0.850
                                    9    1.300                                  
     78      50      1      3       1    1.300       5    1.300       2    1.300
                                    7    1.300       4    1.500      16    1.909
                                   11    1.200       9    1.300                 
     79      50      1      3       1    1.300       5    1.300       2    1.300
                                    7    1.300       4    1.500      17    9.248
                                   11    1.200       9    1.300                 
     80      50      1      3       1    1.300       5    1.300       2    1.300
                                    6   -0.920       7    0.920       4    1.500
                                   18    1.835      10   -0.850      11    0.850
                                    9    1.300                                  
     81      50      1      3       1    1.300       5    1.300       2    1.300
                                    6   -0.920       7    0.920       4    1.500
                                   19    8.646      10   -0.850      11    0.850
                                    9    1.300                                  
     82      50      1      3       1    1.300       5    1.300       2    1.300
                                    6   -1.300       4    1.500      20    1.509
                                   10   -1.200       9    1.300                 

 DATE: 13-JUN-2019 TIME: 09:49:42   PROGRAM: SESAM    PRESEL 7.5-01  13-MAY-2014                                        PAGE:    10 
                                                                                                                                    
                                    LOAD CASE COMBINATION                                                                           
                                    =====================                                                           SUB PAGE:     5 
                                                                                                                                    
 SUPER ELEMENT TYPE:      100  LEVEL:        4                                                                                      
                                                                                                                                    
         SUP.EL SUP.EL                                                                                                              
 LC      TYPE   INDEX  LEVEL   LLC    FACTOR    LLC    FACTOR    LLC    FACTOR                                                      
 ------  ------ ------ ------  ------ --------  ------ --------  ------ --------                                                    
     83      50      1      3       1    1.300       5    1.300       2    1.300
                                    6   -1.300       4    1.500      21    2.768
                                   10   -1.200       9    1.300                 
     84      50      1      3       1    1.300       5    1.300       3    1.300
                                    6   -1.300       4    1.500      20    1.509
                                   10   -1.200       9    1.300                 
     85      50      1      3       1    1.300       5    1.300       3    1.300
                                    6   -1.300       4    1.500      21    2.768
                                   10   -1.200       9    1.300                 
     86      50      1      3       1    1.300       5    1.300       3    1.300
                                    6   -0.920       7   -0.920       4    1.500
                                   22    1.545      10   -0.850      11   -0.850
                                    9    1.300                                  
     87      50      1      3       1    1.300       5    1.300       3    1.300
                                    6   -0.920       7   -0.920       4    1.500
                                   23    3.100      10   -0.850      11   -0.850
                                    9    1.300                                  
     88      50      1      3       1    1.300       5    1.300       3    1.300
                                    7   -1.300       4    1.500      24    1.487
                                   11   -1.200       9    1.300                 
     89      50      1      3       1    1.300       5    1.300       3    1.300
                                    7   -1.300       4    1.500      25    2.314
                                   11   -1.200       9    1.300                 
     90      50      1      3       1    1.300       5    1.300       3    1.300
                                    6    0.920       7   -0.920       4    1.500
                                   26    1.369      10    0.850      11   -0.850
                                    9    1.300                                  
     91      50      1      3       1    1.300       5    1.300       3    1.300
                                    6    0.920       7   -0.920       4    1.500
                                   27    1.851      10    0.850      11   -0.850
                                    9    1.300                                  
