
 DATE: 29-APR-2019 TIME: 17:32:54   PROGRAM: SESAM    PRESEL 7.5-01  13-MAY-2014                                        PAGE:     3 
                                                                                                                                    
                                    LOAD CASE COMBINATION                                                                           
                                    =====================                                                           SUB PAGE:     1 
                                                                                                                                    
 SUPER ELEMENT TYPE:       50  LEVEL:        3                                                                                      
                                                                                                                                    
         SUP.EL SUP.EL                                                                                                              
 LC      TYPE   INDEX  LEVEL   LLC    FACTOR    LLC    FACTOR    LLC    FACTOR                                                      
 ------  ------ ------ ------  ------ --------  ------ --------  ------ --------                                                    
      1      10      1      2       1    1.000                                  
      2      10      1      2       2    1.000                                  
      3      10      1      2       3    1.000                                  
      4      10      1      2       4    1.000                                  
      5      10      1      2       5    1.000                                  
      6      10      1      2       6    1.000                                  
      7      10      1      2       7    1.000                                  
      8      10      1      2       8    1.000                                  
      9      10      1      2       9    1.000                                  
     10      10      1      2      10    1.000                                  
     11      10      1      2      11    1.000                                  
     12      10      1      2      12    1.000                                  
     13      10      1      2      13    1.000                                  
     14      10      1      2      14    1.000                                  
     15      10      1      2      15    1.000                                  
     16      10      1      2      16    1.000                                  
     17      10      1      2      17    1.000                                  
     18      10      1      2      18    1.000                                  
     19      10      1      2      19    1.000                                  
     20      10      1      2      20    1.000                                  
     21      10      1      2      21    1.000                                  
     22      10      1      2      22    1.000                                  
     23      10      1      2      23    1.000                                  
     24      10      1      2      24    1.000                                  
     25      10      1      2      25    1.000                                  
     26      10      1      2      26    1.000                                  
     27      10      1      2      27    1.000                                  
