
 DATE: 29-APR-2019 TIME: 17:32:54   PROGRAM: SESAM    PRESEL 7.5-01  13-MAY-2014                                        PAGE:     1 
                                                                                                                                    
                                    LOAD CASE COMBINATION                                                                           
                                    =====================                                                           SUB PAGE:     1 
                                                                                                                                    
 SUPER ELEMENT TYPE:       10  LEVEL:        2                                                                                      
                                                                                                                                    
         SUP.EL SUP.EL                                                                                                              
 LC      TYPE   INDEX  LEVEL   LLC    FACTOR    LLC    FACTOR    LLC    FACTOR                                                      
 ------  ------ ------ ------  ------ --------  ------ --------  ------ --------                                                    
      1       5      1      1       1    1.000                                  
              1      1      1       1    1.000       2    1.000       5    1.000
                                    7    1.000       9    1.000      11    1.000
                                   13    1.000      15    1.000      17    1.000
                                   19    1.000      21    1.000      22    1.000
                                   24    1.000      26    1.000      27    1.000
                                   29    1.000      30    1.000      32    1.000
                                   34    1.000      35    1.000      36    1.000
                                   38    1.000      40    1.000                 
      2       3      1      1       1    1.080       2    1.120       3    1.120
                                    4    1.120       5    1.150       6    1.120
                                    8    1.120      10    1.150      11    1.120
                                   12    1.150      13    1.100      14    1.120
                                   22    1.000      26    1.000      29    1.000
                                   43    1.100      45    1.150      49    1.100
                                   52    1.000      58    1.000      32    1.000
                                   23    1.000                                  
      3       3      1      1       1    1.080       2    1.120       3    1.120
                                    4    1.120       5    1.150       6    1.120
                                    8    1.120      10    1.150      11    1.120
                                   12    1.150      13    1.100      14    1.100
                                   22    1.000      26    1.000      29    1.000
                                   43    1.100      45    1.150      49    1.100
                                   52    1.000      58    1.000      40    1.000
                                   23    1.000                                  
      4       3      1      1      15    0.500      39    0.500      48    0.500
                                   53    1.000       7    1.120       9    1.120
                                   38    1.120      44    1.100      46    1.150
                                   47    1.120      56    1.000      57    1.000
      5       6      1      1      43    1.000                                  
              5      1      1      43    1.000                                  
              1      1      1      43    1.000       3    1.000       4    1.000
                                    6    1.000       8    1.000      10    1.000
                                   12    1.000      14    1.000      16    1.000
                                   18    1.000      20    1.000      23    1.000
                                   25    1.000      28    1.000      31    1.000
                                   33    1.000      37    1.000      39    1.000
      6       1      1      1      41    1.000                                  
      7       1      1      1      42    1.000                                  
      8       3      1      1      61    1.000                                  
      9       3      1      1      62    1.000                                  
     10       3      1      1      16    1.030      18    1.030      20    1.030
                                   24    1.030      27    1.030      30    1.030
                                   50    1.030      41    1.030                 
     11       3      1      1      17    1.030      19    1.030      21    1.030
                                   25    1.030      28    1.030      31    1.030
                                   51    1.030      42    1.030                 
     12       6      1      1      44    1.070                                  
              5      1      1      44    1.070                                  
              1      1      1      44    1.070                                  

 DATE: 29-APR-2019 TIME: 17:32:54   PROGRAM: SESAM    PRESEL 7.5-01  13-MAY-2014                                        PAGE:     2 
                                                                                                                                    
                                    LOAD CASE COMBINATION                                                                           
                                    =====================                                                           SUB PAGE:     2 
                                                                                                                                    
 SUPER ELEMENT TYPE:       10  LEVEL:        2                                                                                      
                                                                                                                                    
         SUP.EL SUP.EL                                                                                                              
 LC      TYPE   INDEX  LEVEL   LLC    FACTOR    LLC    FACTOR    LLC    FACTOR                                                      
 ------  ------ ------ ------  ------ --------  ------ --------  ------ --------                                                    
     13       6      1      1      45    1.070                                  
              5      1      1      45    1.070                                  
              1      1      1      45    1.070                                  
     14       6      1      1      46    1.070                                  
              5      1      1      46    1.070                                  
              1      1      1      46    1.070                                  
     15       6      1      1      47    1.070                                  
              5      1      1      47    1.070                                  
              1      1      1      47    1.070                                  
     16       6      1      1      48    1.070                                  
              5      1      1      48    1.070                                  
              1      1      1      48    1.070                                  
     17       6      1      1      49    1.070                                  
              5      1      1      49    1.070                                  
              1      1      1      49    1.070                                  
     18       6      1      1      50    1.070                                  
              5      1      1      50    1.070                                  
              1      1      1      50    1.070                                  
     19       6      1      1      51    1.070                                  
              5      1      1      51    1.070                                  
              1      1      1      51    1.070                                  
     20       6      1      1      52    1.070                                  
              5      1      1      52    1.070                                  
              1      1      1      52    1.070                                  
     21       6      1      1      53    1.070                                  
              5      1      1      53    1.070                                  
              1      1      1      53    1.070                                  
     22       6      1      1      54    1.070                                  
              5      1      1      54    1.070                                  
              1      1      1      54    1.070                                  
     23       6      1      1      55    1.070                                  
              5      1      1      55    1.070                                  
              1      1      1      55    1.070                                  
     24       6      1      1      56    1.070                                  
              5      1      1      56    1.070                                  
              1      1      1      56    1.070                                  
     25       6      1      1      57    1.070                                  
              5      1      1      57    1.070                                  
              1      1      1      57    1.070                                  
     26       6      1      1      58    1.070                                  
              5      1      1      58    1.070                                  
              1      1      1      58    1.070                                  
     27       6      1      1      59    1.070                                  
              5      1      1      59    1.070                                  
              1      1      1      59    1.070                                  
